# JRE version: OpenJDK Runtime Environment (17.0.9) (build 17.0.9+0--11185874)
# Java VM: OpenJDK 64-Bit Server VM (17.0.9+0--11185874, mixed mode, tiered, compressed oops, compressed class ptrs, g1 gc, windows-amd64)
GC Precious Log:
 CPUs: 12 total, 12 available
 Memory: 15722M
 Large Page Support: Disabled
 NUMA Support: Disabled
 Compressed Oops: Enabled (Zero based)
 Heap Region Size: 2M
 Heap Min Capacity: 8M
 Heap Initial Capacity: 246M
 Heap Max Capacity: 3932M
 Pre-touch: Disabled
 Parallel Workers: 10
 Concurrent Workers: 3
 Concurrent Refinement Workers: 10
 Periodic GC: Disabled
Heap:
 garbage-first heap   total 147456K, used 28169K [0x000000070a400000, 0x0000000800000000)
  region size 2048K, 7 young (14336K), 1 survivors (2048K)
 Metaspace       used 41294K, committed 41472K, reserved 1114112K
  class space    used 5070K, committed 5184K, reserved 1048576K
GC Heap History (18 events):
Event: 0.632 GC heap before
{Heap before GC invocations=0 (full 0):
 garbage-first heap   total 251904K, used 24576K [0x000000070a400000, 0x0000000800000000)
  region size 2048K, 11 young (22528K), 0 survivors (0K)
 Metaspace       used 12850K, committed 12928K, reserved 1114112K
  class space    used 1227K, committed 1280K, reserved 1048576K
}
Event: 0.635 GC heap after
{Heap after GC invocations=1 (full 0):
 garbage-first heap   total 251904K, used 6848K [0x000000070a400000, 0x0000000800000000)
  region size 2048K, 2 young (4096K), 2 survivors (4096K)
 Metaspace       used 12850K, committed 12928K, reserved 1114112K
  class space    used 1227K, committed 1280K, reserved 1048576K
}
Event: 1.419 GC heap before
{Heap before GC invocations=1 (full 0):
 garbage-first heap   total 251904K, used 37568K [0x000000070a400000, 0x0000000800000000)
  region size 2048K, 18 young (36864K), 2 survivors (4096K)
 Metaspace       used 21002K, committed 21120K, reserved 1114112K
  class space    used 2290K, committed 2368K, reserved 1048576K
}
Event: 1.425 GC heap after
{Heap after GC invocations=2 (full 0):
 garbage-first heap   total 251904K, used 8394K [0x000000070a400000, 0x0000000800000000)
  region size 2048K, 3 young (6144K), 3 survivors (6144K)
 Metaspace       used 21002K, committed 21120K, reserved 1114112K
  class space    used 2290K, committed 2368K, reserved 1048576K
}
Event: 1.438 GC heap before
{Heap before GC invocations=2 (full 0):
 garbage-first heap   total 251904K, used 8394K [0x000000070a400000, 0x0000000800000000)
  region size 2048K, 4 young (8192K), 3 survivors (6144K)
 Metaspace       used 21365K, committed 21504K, reserved 1114112K
  class space    used 2326K, committed 2432K, reserved 1048576K
}
Event: 1.441 GC heap after
{Heap after GC invocations=3 (full 0):
 garbage-first heap   total 251904K, used 8755K [0x000000070a400000, 0x0000000800000000)
  region size 2048K, 3 young (6144K), 3 survivors (6144K)
 Metaspace       used 21365K, committed 21504K, reserved 1114112K
  class space    used 2326K, committed 2432K, reserved 1048576K
}
Event: 1.919 GC heap before
{Heap before GC invocations=4 (full 0):
 garbage-first heap   total 40960K, used 27187K [0x000000070a400000, 0x0000000800000000)
  region size 2048K, 13 young (26624K), 3 survivors (6144K)
 Metaspace       used 27791K, committed 27968K, reserved 1114112K
  class space    used 3377K, committed 3456K, reserved 1048576K
}
Event: 1.928 GC heap after
{Heap after GC invocations=5 (full 0):
 garbage-first heap   total 40960K, used 9513K [0x000000070a400000, 0x0000000800000000)
  region size 2048K, 3 young (6144K), 3 survivors (6144K)
 Metaspace       used 27791K, committed 27968K, reserved 1114112K
  class space    used 3377K, committed 3456K, reserved 1048576K
}
Event: 2.268 GC heap before
{Heap before GC invocations=5 (full 0):
 garbage-first heap   total 40960K, used 29993K [0x000000070a400000, 0x0000000800000000)
  region size 2048K, 12 young (24576K), 3 survivors (6144K)
 Metaspace       used 30153K, committed 30336K, reserved 1114112K
  class space    used 3898K, committed 3968K, reserved 1048576K
}
Event: 2.280 GC heap after
{Heap after GC invocations=6 (full 0):
 garbage-first heap   total 40960K, used 15208K [0x000000070a400000, 0x0000000800000000)
  region size 2048K, 2 young (4096K), 2 survivors (4096K)
 Metaspace       used 30153K, committed 30336K, reserved 1114112K
  class space    used 3898K, committed 3968K, reserved 1048576K
}
Event: 2.504 GC heap before
{Heap before GC invocations=6 (full 0):
 garbage-first heap   total 40960K, used 29544K [0x000000070a400000, 0x0000000800000000)
  region size 2048K, 9 young (18432K), 2 survivors (4096K)
 Metaspace       used 33784K, committed 34048K, reserved 1114112K
  class space    used 4315K, committed 4416K, reserved 1048576K
}
Event: 2.512 GC heap after
{Heap after GC invocations=7 (full 0):
 garbage-first heap   total 40960K, used 15028K [0x000000070a400000, 0x0000000800000000)
  region size 2048K, 1 young (2048K), 1 survivors (2048K)
 Metaspace       used 33784K, committed 34048K, reserved 1114112K
  class space    used 4315K, committed 4416K, reserved 1048576K
}
Event: 2.697 GC heap before
{Heap before GC invocations=7 (full 0):
 garbage-first heap   total 40960K, used 23220K [0x000000070a400000, 0x0000000800000000)
  region size 2048K, 6 young (12288K), 1 survivors (2048K)
 Metaspace       used 35875K, committed 36096K, reserved 1114112K
  class space    used 4541K, committed 4672K, reserved 1048576K
}
Event: 2.701 GC heap after
{Heap after GC invocations=8 (full 0):
 garbage-first heap   total 40960K, used 16280K [0x000000070a400000, 0x0000000800000000)
  region size 2048K, 1 young (2048K), 1 survivors (2048K)
 Metaspace       used 35875K, committed 36096K, reserved 1114112K
  class space    used 4541K, committed 4672K, reserved 1048576K
}
Event: 2.950 GC heap before
{Heap before GC invocations=9 (full 0):
 garbage-first heap   total 40960K, used 26520K [0x000000070a400000, 0x0000000800000000)
  region size 2048K, 7 young (14336K), 1 survivors (2048K)
 Metaspace       used 38209K, committed 38400K, reserved 1114112K
  class space    used 4759K, committed 4864K, reserved 1048576K
}
Event: 2.953 GC heap after
{Heap after GC invocations=10 (full 0):
 garbage-first heap   total 147456K, used 17843K [0x000000070a400000, 0x0000000800000000)
  region size 2048K, 1 young (2048K), 1 survivors (2048K)
 Metaspace       used 38209K, committed 38400K, reserved 1114112K
  class space    used 4759K, committed 4864K, reserved 1048576K
}
Event: 3.022 GC heap before
{Heap before GC invocations=10 (full 0):
 garbage-first heap   total 147456K, used 21939K [0x000000070a400000, 0x0000000800000000)
  region size 2048K, 3 young (6144K), 1 survivors (2048K)
 Metaspace       used 39171K, committed 39360K, reserved 1114112K
  class space    used 4823K, committed 4928K, reserved 1048576K
}
Event: 3.025 GC heap after
{Heap after GC invocations=11 (full 0):
 garbage-first heap   total 147456K, used 17929K [0x000000070a400000, 0x0000000800000000)
  region size 2048K, 1 young (2048K), 1 survivors (2048K)
 Metaspace       used 39171K, committed 39360K, reserved 1114112K
  class space    used 4823K, committed 4928K, reserved 1048576K
}

